<?xml version="1.0" encoding="UTF-8"?>
<!-- Generated by org.testng.reporters.JUnitReportReporter -->
<testsuite hostname="DESKTOP-8BLGLA0" failures="0" tests="2" name="com.quantinsti_Log_in_Verify.Quantinsti_Log_in_Assignment_no_1" time="45.667" errors="0" timestamp="2020-10-13T21:15:17 IST" skipped="0">
  <testcase classname="com.quantinsti_Log_in_Verify.Quantinsti_Log_in_Assignment_no_1" name="Setup_Browser" time="14.206"/>
  <system-out/>
  <testcase classname="com.quantinsti_Log_in_Verify.Quantinsti_Log_in_Assignment_no_1" name="Setup_locator" time="31.461"/>
  <system-out/>
</testsuite> <!-- com.quantinsti_Log_in_Verify.Quantinsti_Log_in_Assignment_no_1 -->
